Performing C SOURCE FILE Test CMAKE_HAVE_LIBC_PTHREAD failed with the following output:
Change Dir: /home/itcast/rosws/itheimalab_ws/src/lab_bringup/cmake-build-debug/CMakeFiles/CMakeTmp

Run Build Command(s):/usr/bin/make cmTC_01155/fast && /usr/bin/make -f CMakeFiles/cmTC_01155.dir/build.make CMakeFiles/cmTC_01155.dir/build
make[1]: Entering directory '/home/itcast/rosws/itheimalab_ws/src/lab_bringup/cmake-build-debug/CMakeFiles/CMakeTmp'
Building C object CMakeFiles/cmTC_01155.dir/src.c.o
/usr/bin/cc   -DCMAKE_HAVE_LIBC_PTHREAD   -o CMakeFiles/cmTC_01155.dir/src.c.o   -c /home/itcast/rosws/itheimalab_ws/src/lab_bringup/cmake-build-debug/CMakeFiles/CMakeTmp/src.c
Linking C executable cmTC_01155
/home/itcast/devtools/clion-2019.3.2/bin/cmake/linux/bin/cmake -E cmake_link_script CMakeFiles/cmTC_01155.dir/link.txt --verbose=1
/usr/bin/cc  -DCMAKE_HAVE_LIBC_PTHREAD    -rdynamic CMakeFiles/cmTC_01155.dir/src.c.o  -o cmTC_01155 
CMakeFiles/cmTC_01155.dir/src.c.o: In function `main':
src.c:(.text+0x3e): undefined reference to `pthread_create'
src.c:(.text+0x4a): undefined reference to `pthread_detach'
src.c:(.text+0x5b): undefined reference to `pthread_join'
src.c:(.text+0x6f): undefined reference to `pthread_atfork'
collect2: error: ld returned 1 exit status
CMakeFiles/cmTC_01155.dir/build.make:86: recipe for target 'cmTC_01155' failed
make[1]: *** [cmTC_01155] Error 1
make[1]: Leaving directory '/home/itcast/rosws/itheimalab_ws/src/lab_bringup/cmake-build-debug/CMakeFiles/CMakeTmp'
Makefile:121: recipe for target 'cmTC_01155/fast' failed
make: *** [cmTC_01155/fast] Error 2


Source file was:
#include <pthread.h>

void* test_func(void* data)
{
  return data;
}

int main(void)
{
  pthread_t thread;
  pthread_create(&thread, NULL, test_func, NULL);
  pthread_detach(thread);
  pthread_join(thread, NULL);
  pthread_atfork(NULL, NULL, NULL);
  pthread_exit(NULL);

  return 0;
}

Determining if the function pthread_create exists in the pthreads failed with the following output:
Change Dir: /home/itcast/rosws/itheimalab_ws/src/lab_bringup/cmake-build-debug/CMakeFiles/CMakeTmp

Run Build Command(s):/usr/bin/make cmTC_cfc2f/fast && /usr/bin/make -f CMakeFiles/cmTC_cfc2f.dir/build.make CMakeFiles/cmTC_cfc2f.dir/build
make[1]: Entering directory '/home/itcast/rosws/itheimalab_ws/src/lab_bringup/cmake-build-debug/CMakeFiles/CMakeTmp'
Building C object CMakeFiles/cmTC_cfc2f.dir/CheckFunctionExists.c.o
/usr/bin/cc   -DCHECK_FUNCTION_EXISTS=pthread_create   -o CMakeFiles/cmTC_cfc2f.dir/CheckFunctionExists.c.o   -c /home/itcast/devtools/clion-2019.3.2/bin/cmake/linux/share/cmake-3.15/Modules/CheckFunctionExists.c
Linking C executable cmTC_cfc2f
/home/itcast/devtools/clion-2019.3.2/bin/cmake/linux/bin/cmake -E cmake_link_script CMakeFiles/cmTC_cfc2f.dir/link.txt --verbose=1
/usr/bin/cc  -DCHECK_FUNCTION_EXISTS=pthread_create    -rdynamic CMakeFiles/cmTC_cfc2f.dir/CheckFunctionExists.c.o  -o cmTC_cfc2f -lpthreads 
/usr/bin/ld: cannot find -lpthreads
collect2: error: ld returned 1 exit status
CMakeFiles/cmTC_cfc2f.dir/build.make:86: recipe for target 'cmTC_cfc2f' failed
make[1]: *** [cmTC_cfc2f] Error 1
make[1]: Leaving directory '/home/itcast/rosws/itheimalab_ws/src/lab_bringup/cmake-build-debug/CMakeFiles/CMakeTmp'
Makefile:121: recipe for target 'cmTC_cfc2f/fast' failed
make: *** [cmTC_cfc2f/fast] Error 2



